<?xml version="1.0" encoding="UTF-8"?>
<testng-results skipped="0" failed="0" total="1" passed="1">
  <reporter-output>
  </reporter-output>
  <suite name="Aamresh_Maven_project.AppTest" duration-ms="46795" started-at="2018-01-12T05:50:09Z" finished-at="2018-01-12T05:50:56Z">
    <groups>
    </groups>
    <test name="Command line test" duration-ms="46795" started-at="2018-01-12T05:50:09Z" finished-at="2018-01-12T05:50:56Z">
      <class name="Aamresh_Maven_project.AppTest">
        <test-method status="PASS" signature="OpenBrowser()[pri:0, instance:Aamresh_Maven_project.AppTest@15f7ae5]" name="OpenBrowser" duration-ms="46744" started-at="2018-01-12T11:20:09Z" finished-at="2018-01-12T11:20:56Z">
          <reporter-output>
          </reporter-output>
        </test-method> <!-- OpenBrowser -->
      </class> <!-- Aamresh_Maven_project.AppTest -->
    </test> <!-- Command line test -->
  </suite> <!-- Aamresh_Maven_project.AppTest -->
</testng-results>
