<?xml version="1.0" encoding="UTF-8"?>
<testng-results skipped="0" failed="0" total="2" passed="2">
  <reporter-output>
  </reporter-output>
  <suite name="Suite" duration-ms="91179" started-at="2018-01-12T06:55:55Z" finished-at="2018-01-12T06:57:26Z">
    <groups>
    </groups>
    <test name="Test" duration-ms="91179" started-at="2018-01-12T06:55:55Z" finished-at="2018-01-12T06:57:26Z">
      <class name="Aamresh_Maven_project.App">
        <test-method status="PASS" signature="Test()[pri:0, instance:Aamresh_Maven_project.App@1057a39]" name="Test" duration-ms="1" started-at="2018-01-12T12:27:26Z" finished-at="2018-01-12T12:27:26Z">
          <reporter-output>
          </reporter-output>
        </test-method> <!-- Test -->
      </class> <!-- Aamresh_Maven_project.App -->
      <class name="Aamresh_Maven_project.AppTest">
        <test-method status="PASS" signature="OpenBrowser()[pri:0, instance:Aamresh_Maven_project.AppTest@e45eb6]" name="OpenBrowser" duration-ms="91139" started-at="2018-01-12T12:25:55Z" finished-at="2018-01-12T12:27:26Z">
          <reporter-output>
          </reporter-output>
        </test-method> <!-- OpenBrowser -->
      </class> <!-- Aamresh_Maven_project.AppTest -->
    </test> <!-- Test -->
  </suite> <!-- Suite -->
</testng-results>
